<?xml version="1.0" encoding="UTF-8"?>
<Site BuildName="Darwin-clang++"
	BuildStamp="20230425-0634-Experimental"
	Name="x22004xxnoMacBook-Air.local"
	Generator="ctest-3.26.3"
	CompilerName="/usr/bin/clang++"
	CompilerVersion="14.0.3.14030022"
	OSName="macOS"
	Hostname="x22004xxnoMacBook-Air.local"
	OSRelease="13.2.1"
	OSVersion="22D68"
	OSPlatform="arm64"
	Is64Bits="1"
	VendorString="IBM"
	VendorID="IBM"
	FamilyID="16777228"
	ModelID="2"
	ProcessorCacheSize="131072"
	NumberOfLogicalCPU="8"
	NumberOfPhysicalCPU="8"
	TotalVirtualMemory="4096"
	TotalPhysicalMemory="16384"
	LogicalProcessorsPerPhysical="8"
	ProcessorClockFrequency="0"
	>
	<Testing>
		<StartDateTime>Apr 25 15:34 JST</StartDateTime>
		<StartTestTime>1682404498</StartTestTime>
		<TestList/>
		<EndDateTime>Apr 25 15:34 JST</EndDateTime>
		<EndTestTime>1682404498</EndTestTime>
		<ElapsedMinutes>0</ElapsedMinutes>
	</Testing>
</Site>
