<?xml version="1.0" encoding="UTF-8"?>
<Site BuildName="Darwin-clang++"
	BuildStamp="20231221-0123-Experimental"
	Name="x22004xxnoMacBook-Air.local"
	Generator="ctest-3.28.1"
	CompilerName="/usr/bin/clang++"
	CompilerVersion="14.0.3.14030022"
	OSName="macOS"
	Hostname="x22004xxnoMacBook-Air.local"
	OSRelease="14.1"
	OSVersion="23B74"
	OSPlatform="arm64"
	Is64Bits="1"
	VendorString="IBM"
	VendorID="IBM"
	FamilyID="16777228"
	ModelID="2"
	ProcessorCacheSize="131072"
	NumberOfLogicalCPU="8"
	NumberOfPhysicalCPU="8"
	TotalVirtualMemory="13312"
	TotalPhysicalMemory="16384"
	LogicalProcessorsPerPhysical="8"
	ProcessorClockFrequency="0"
	>
	<Testing>
		<StartDateTime>Dec 21 10:24 JST</StartDateTime>
		<StartTestTime>1703121881</StartTestTime>
		<TestList/>
		<EndDateTime>Dec 21 10:24 JST</EndDateTime>
		<EndTestTime>1703121881</EndTestTime>
		<ElapsedMinutes>0</ElapsedMinutes>
	</Testing>
</Site>
