<?xml version="1.0" encoding="UTF-8"?>
<Site BuildName="Darwin-clang++"
	BuildStamp="20230704-0515-Experimental"
	Name="x22004xxnoMacBook-Air.local"
	Generator="ctest-3.26.3"
	CompilerName="/usr/bin/clang++"
	CompilerVersion="14.0.3.14030022"
	OSName="macOS"
	Hostname="x22004xxnoMacBook-Air.local"
	OSRelease="13.4"
	OSVersion="22F66"
	OSPlatform="arm64"
	Is64Bits="1"
	VendorString="IBM"
	VendorID="IBM"
	FamilyID="16777228"
	ModelID="2"
	ProcessorCacheSize="131072"
	NumberOfLogicalCPU="8"
	NumberOfPhysicalCPU="8"
	TotalVirtualMemory="2048"
	TotalPhysicalMemory="16384"
	LogicalProcessorsPerPhysical="8"
	ProcessorClockFrequency="0"
	>
	<Testing>
		<StartDateTime>Jul 04 15:31 JST</StartDateTime>
		<StartTestTime>1688452289</StartTestTime>
		<TestList/>
		<EndDateTime>Jul 04 15:31 JST</EndDateTime>
		<EndTestTime>1688452289</EndTestTime>
		<ElapsedMinutes>0</ElapsedMinutes>
	</Testing>
</Site>
